<?xml version="1.0" encoding="UTF-8"?>
<!-- Generated by org.testng.reporters.JUnitXMLReporter -->
<testsuite ignored="0" hostname="LAPTOP-10210QQU" failures="0" tests="3" name="AmazonApp_Test" time="53.877" errors="0" timestamp="2023-04-26T16:03:59 IST">
  <testcase classname="com.amazonShopping.testClasses.TC_AmazonTests_001" name="loginTest" time="1.975"/>
  <testcase classname="com.amazonShopping.testClasses.TC_AmazonTests_001" name="nevigateToAccessories" time="42.909"/>
  <testcase classname="com.amazonShopping.testClasses.TC_AmazonTests_001" name="logOut" time="1.456"/>
</testsuite> <!-- AmazonApp_Test -->
