<?xml version="1.0" encoding="UTF-8"?>
<testng-results ignored="0" total="3" passed="3" failed="0" skipped="0">
  <reporter-output>
  </reporter-output>
  <suite started-at="2023-04-26T16:03:05 IST" name="Suite" finished-at="2023-04-26T16:03:59 IST" duration-ms="53877">
    <groups>
    </groups>
    <test started-at="2023-04-26T16:03:05 IST" name="AmazonApp_Test" finished-at="2023-04-26T16:03:59 IST" duration-ms="53877">
      <class name="com.amazonShopping.testClasses.TC_AmazonTests_001">
        <test-method is-config="true" signature="setUp(java.lang.String)[pri:0, instance:com.amazonShopping.testClasses.TC_AmazonTests_001@2cb4893b]" started-at="2023-04-26T16:03:05 IST" name="setUp" finished-at="2023-04-26T16:03:12 IST" duration-ms="7173" status="PASS">
          <params>
            <param index="0">
              <value>
                <![CDATA[chrome]]>
              </value>
            </param>
          </params>
          <reporter-output>
          </reporter-output>
        </test-method> <!-- setUp -->
        <test-method signature="loginTest()[pri:0, instance:com.amazonShopping.testClasses.TC_AmazonTests_001@2cb4893b]" started-at="2023-04-26T16:03:12 IST" name="loginTest" finished-at="2023-04-26T16:03:14 IST" duration-ms="1975" status="PASS">
          <reporter-output>
          </reporter-output>
        </test-method> <!-- loginTest -->
        <test-method signature="nevigateToAccessories()[pri:0, instance:com.amazonShopping.testClasses.TC_AmazonTests_001@2cb4893b]" started-at="2023-04-26T16:03:14 IST" name="nevigateToAccessories" finished-at="2023-04-26T16:03:57 IST" duration-ms="42909" status="PASS">
          <reporter-output>
          </reporter-output>
        </test-method> <!-- nevigateToAccessories -->
        <test-method signature="logOut()[pri:0, instance:com.amazonShopping.testClasses.TC_AmazonTests_001@2cb4893b]" started-at="2023-04-26T16:03:57 IST" name="logOut" finished-at="2023-04-26T16:03:59 IST" depends-on-methods="com.amazonShopping.testClasses.TC_AmazonTests_001.nevigateToAccessories" duration-ms="1456" status="PASS">
          <reporter-output>
          </reporter-output>
        </test-method> <!-- logOut -->
        <test-method is-config="true" signature="tearDown()[pri:0, instance:com.amazonShopping.testClasses.TC_AmazonTests_001@2cb4893b]" started-at="2023-04-26T16:03:59 IST" name="tearDown" finished-at="2023-04-26T16:03:59 IST" duration-ms="311" status="PASS">
          <reporter-output>
          </reporter-output>
        </test-method> <!-- tearDown -->
      </class> <!-- com.amazonShopping.testClasses.TC_AmazonTests_001 -->
    </test> <!-- AmazonApp_Test -->
  </suite> <!-- Suite -->
</testng-results>
